<?xml version="1.0" encoding="UTF-8"?>
<!-- Generated by org.testng.reporters.JUnitReportReporter -->
<testsuite skipped="0" hostname="DESKTOP-I9EH401" name="crosBrowserTesting.crossBrowserTest" tests="1" failures="0" timestamp="25 Nov 2021 07:27:12 GMT" time="0.754" errors="0">
  <testcase name="testParameterWithXML" time="0.754" classname="crosBrowserTesting.crossBrowserTest"/>
</testsuite> <!-- crosBrowserTesting.crossBrowserTest -->
