<?xml version="1.0" encoding="UTF-8"?>
<!-- Generated by org.testng.reporters.JUnitReportReporter -->
<testsuite skipped="0" hostname="DESKTOP-I9EH401" name="Login_module.screenshot" tests="3" failures="0" timestamp="26 Nov 2021 06:32:46 GMT" time="16.755" errors="0">
  <testcase name="webEle" time="0.817" classname="Login_module.screenshot"/>
  <testcase name="Start" time="15.012" classname="Login_module.screenshot"/>
  <testcase name="screenShot" time="0.926" classname="Login_module.screenshot"/>
</testsuite> <!-- Login_module.screenshot -->
