<?xml version="1.0" encoding="UTF-8"?>
<!-- Generated by org.testng.reporters.JUnitReportReporter -->
<testsuite skipped="0" hostname="DESKTOP-I9EH401" name="Login_module.Demo1" tests="2" failures="0" timestamp="25 Nov 2021 03:49:35 GMT" time="43.175" errors="0">
  <testcase name="secondstep" time="24.780" classname="Login_module.Demo1"/>
  <testcase name="secondstep" time="18.395" classname="Login_module.Demo1"/>
</testsuite> <!-- Login_module.Demo1 -->
