<?xml version="1.0" encoding="UTF-8"?>
<!-- Generated by org.testng.reporters.JUnitReportReporter -->
<testsuite skipped="0" hostname="DESKTOP-I9EH401" name="annnotation_sample.annnotation_example" tests="1" failures="0" timestamp="24 Nov 2021 12:30:11 GMT" time="0.009" errors="0">
  <testcase name="Demo" time="0.009" classname="annnotation_sample.annnotation_example"/>
</testsuite> <!-- annnotation_sample.annnotation_example -->
